0 info it worked if it ends with ok
1 verbose cli [ 'C:\\Program Files\\nodejs\\node.exe',
1 verbose cli   'C:\\Program Files\\nodejs\\node_modules\\npm\\bin\\npm-cli.js',
1 verbose cli   'i',
1 verbose cli   '--save',
1 verbose cli   'jquery' ]
2 info using npm@3.10.3
3 info using node@v6.6.0
4 silly loadCurrentTree Starting
5 silly install loadCurrentTree
6 silly install readLocalPackageData
7 silly fetchPackageMetaData jquery
8 silly fetchNamedPackageData jquery
9 silly mapToRegistry name jquery
10 silly mapToRegistry using default registry
11 silly mapToRegistry registry https://registry.npmjs.org/
12 silly mapToRegistry data Result {
12 silly mapToRegistry   raw: 'jquery',
12 silly mapToRegistry   scope: null,
12 silly mapToRegistry   escapedName: 'jquery',
12 silly mapToRegistry   name: 'jquery',
12 silly mapToRegistry   rawSpec: '',
12 silly mapToRegistry   spec: 'latest',
12 silly mapToRegistry   type: 'tag' }
13 silly mapToRegistry uri https://registry.npmjs.org/jquery
14 verbose request uri https://registry.npmjs.org/jquery
15 verbose request no auth needed
16 info attempt registry request try #1 at 14:07:14
17 verbose request id ed5e34319bc928f5
18 http request GET https://registry.npmjs.org/jquery
19 info retry will retry, error on last attempt: Error: getaddrinfo ENOTFOUND registry.npmjs.org registry.npmjs.org:443
20 info attempt registry request try #2 at 14:07:24
21 http request GET https://registry.npmjs.org/jquery
22 info retry will retry, error on last attempt: Error: getaddrinfo ENOTFOUND registry.npmjs.org registry.npmjs.org:443
23 info attempt registry request try #3 at 14:08:24
24 http request GET https://registry.npmjs.org/jquery
25 silly fetchPackageMetaData Error: getaddrinfo ENOTFOUND registry.npmjs.org registry.npmjs.org:443
25 silly fetchPackageMetaData     at errnoException (dns.js:28:10)
25 silly fetchPackageMetaData     at GetAddrInfoReqWrap.onlookup [as oncomplete] (dns.js:76:26)
25 silly fetchPackageMetaData  error for jquery { Error: getaddrinfo ENOTFOUND registry.npmjs.org registry.npmjs.org:443
25 silly fetchPackageMetaData     at errnoException (dns.js:28:10)
25 silly fetchPackageMetaData     at GetAddrInfoReqWrap.onlookup [as oncomplete] (dns.js:76:26)
25 silly fetchPackageMetaData   code: 'ENOTFOUND',
25 silly fetchPackageMetaData   errno: 'ENOTFOUND',
25 silly fetchPackageMetaData   syscall: 'getaddrinfo',
25 silly fetchPackageMetaData   hostname: 'registry.npmjs.org',
25 silly fetchPackageMetaData   host: 'registry.npmjs.org',
25 silly fetchPackageMetaData   port: 443 }
26 silly rollbackFailedOptional Starting
27 silly rollbackFailedOptional Finishing
28 silly runTopLevelLifecycles Starting
29 silly runTopLevelLifecycles Finishing
30 silly install printInstalled
31 verbose stack Error: getaddrinfo ENOTFOUND registry.npmjs.org registry.npmjs.org:443
31 verbose stack     at errnoException (dns.js:28:10)
31 verbose stack     at GetAddrInfoReqWrap.onlookup [as oncomplete] (dns.js:76:26)
32 verbose cwd c:\Users\daniiltserin\workspace\backend-projects\node-edu
33 error Windows_NT 6.1.7601
34 error argv "C:\\Program Files\\nodejs\\node.exe" "C:\\Program Files\\nodejs\\node_modules\\npm\\bin\\npm-cli.js" "i" "--save" "jquery"
35 error node v6.6.0
36 error npm  v3.10.3
37 error code ENOTFOUND
38 error errno ENOTFOUND
39 error syscall getaddrinfo
40 error network getaddrinfo ENOTFOUND registry.npmjs.org registry.npmjs.org:443
41 error network This is most likely not a problem with npm itself
41 error network and is related to network connectivity.
41 error network In most cases you are behind a proxy or have bad network settings.
41 error network
41 error network If you are behind a proxy, please make sure that the
41 error network 'proxy' config is set properly.  See: 'npm help config'
42 verbose exit [ 1, true ]
